<?xml version="1.0" encoding="UTF-8"?>
<coverage generated="1764736397993" clover="3.2.0">
  <project timestamp="1764736397993" name="All files">
    <metrics statements="49" coveredstatements="49" conditionals="38" coveredconditionals="34" methods="6" coveredmethods="6" elements="93" coveredelements="89" complexity="0" loc="49" ncloc="49" packages="1" files="1" classes="1"/>
    <file name="rbac.js" path="/Users/sbecker11/workspace-react/react-super-app/server/src/middleware/rbac.js">
      <metrics statements="49" coveredstatements="49" conditionals="38" coveredconditionals="34" methods="6" coveredmethods="6"/>
      <line num="11" count="3" type="stmt"/>
      <line num="12" count="3" type="stmt"/>
      <line num="18" count="3" type="stmt"/>
      <line num="19" count="34" type="cond" truecount="2" falsecount="0"/>
      <line num="20" count="1" type="stmt"/>
      <line num="26" count="33" type="cond" truecount="2" falsecount="0"/>
      <line num="27" count="5" type="stmt"/>
      <line num="33" count="28" type="stmt"/>
      <line num="41" count="3" type="stmt"/>
      <line num="42" count="16" type="stmt"/>
      <line num="44" count="16" type="cond" truecount="2" falsecount="0"/>
      <line num="45" count="4" type="stmt"/>
      <line num="52" count="12" type="stmt"/>
      <line num="54" count="12" type="stmt"/>
      <line num="57" count="11" type="cond" truecount="2" falsecount="0"/>
      <line num="58" count="1" type="stmt"/>
      <line num="66" count="10" type="cond" truecount="2" falsecount="0"/>
      <line num="67" count="1" type="stmt"/>
      <line num="74" count="9" type="stmt"/>
      <line num="79" count="9" type="stmt"/>
      <line num="81" count="1" type="stmt"/>
      <line num="94" count="3" type="stmt"/>
      <line num="95" count="14" type="cond" truecount="2" falsecount="0"/>
      <line num="96" count="1" type="stmt"/>
      <line num="103" count="13" type="cond" truecount="3" falsecount="0"/>
      <line num="105" count="13" type="cond" truecount="2" falsecount="0"/>
      <line num="106" count="1" type="stmt"/>
      <line num="113" count="12" type="cond" truecount="2" falsecount="0"/>
      <line num="114" count="1" type="stmt"/>
      <line num="122" count="11" type="cond" truecount="2" falsecount="0"/>
      <line num="123" count="3" type="stmt"/>
      <line num="129" count="8" type="stmt"/>
      <line num="140" count="3" type="cond" truecount="1" falsecount="1"/>
      <line num="141" count="7" type="stmt"/>
      <line num="142" count="7" type="cond" truecount="3" falsecount="1"/>
      <line num="143" count="7" type="cond" truecount="2" falsecount="0"/>
      <line num="145" count="7" type="stmt"/>
      <line num="152" count="1" type="stmt"/>
      <line num="165" count="3" type="cond" truecount="2" falsecount="1"/>
      <line num="166" count="14" type="stmt"/>
      <line num="167" count="14" type="cond" truecount="3" falsecount="1"/>
      <line num="168" count="14" type="cond" truecount="2" falsecount="0"/>
      <line num="170" count="14" type="stmt"/>
      <line num="177" count="1" type="stmt"/>
      <line num="189" count="3" type="stmt"/>
      <line num="190" count="6" type="stmt"/>
      <line num="192" count="6" type="stmt"/>
      <line num="203" count="6" type="stmt"/>
      <line num="209" count="3" type="stmt"/>
    </file>
  </project>
</coverage>
