{"/Users/sbecker11/workspace-react/react-super-app/server/src/database/connection.js": {"path":"/Users/sbecker11/workspace-react/react-super-app/server/src/database/connection.js","statementMap":{"0":{"start":{"line":1,"column":17},"end":{"line":1,"column":30}},"1":{"start":{"line":4,"column":13},"end":{"line":13,"column":2}},"2":{"start":{"line":16,"column":0},"end":{"line":18,"column":3}},"3":{"start":{"line":17,"column":2},"end":{"line":17,"column":52}},"4":{"start":{"line":20,"column":0},"end":{"line":23,"column":3}},"5":{"start":{"line":21,"column":2},"end":{"line":21,"column":58}},"6":{"start":{"line":22,"column":2},"end":{"line":22,"column":19}},"7":{"start":{"line":26,"column":14},"end":{"line":37,"column":1}},"8":{"start":{"line":27,"column":16},"end":{"line":27,"column":26}},"9":{"start":{"line":28,"column":2},"end":{"line":36,"column":3}},"10":{"start":{"line":29,"column":16},"end":{"line":29,"column":46}},"11":{"start":{"line":30,"column":21},"end":{"line":30,"column":39}},"12":{"start":{"line":31,"column":4},"end":{"line":31,"column":74}},"13":{"start":{"line":32,"column":4},"end":{"line":32,"column":15}},"14":{"start":{"line":34,"column":4},"end":{"line":34,"column":50}},"15":{"start":{"line":35,"column":4},"end":{"line":35,"column":16}},"16":{"start":{"line":40,"column":18},"end":{"line":64,"column":1}},"17":{"start":{"line":41,"column":17},"end":{"line":41,"column":37}},"18":{"start":{"line":42,"column":16},"end":{"line":42,"column":41}},"19":{"start":{"line":43,"column":18},"end":{"line":43,"column":45}},"20":{"start":{"line":46,"column":18},"end":{"line":48,"column":10}},"21":{"start":{"line":47,"column":4},"end":{"line":47,"column":76}},"22":{"start":{"line":51,"column":2},"end":{"line":54,"column":4}},"23":{"start":{"line":52,"column":4},"end":{"line":52,"column":28}},"24":{"start":{"line":53,"column":4},"end":{"line":53,"column":26}},"25":{"start":{"line":56,"column":2},"end":{"line":61,"column":4}},"26":{"start":{"line":57,"column":4},"end":{"line":57,"column":26}},"27":{"start":{"line":58,"column":4},"end":{"line":58,"column":25}},"28":{"start":{"line":59,"column":4},"end":{"line":59,"column":29}},"29":{"start":{"line":60,"column":4},"end":{"line":60,"column":21}},"30":{"start":{"line":63,"column":2},"end":{"line":63,"column":16}},"31":{"start":{"line":66,"column":0},"end":{"line":70,"column":2}}},"fnMap":{"0":{"name":"(anonymous_0)","decl":{"start":{"line":16,"column":19},"end":{"line":16,"column":20}},"loc":{"start":{"line":16,"column":25},"end":{"line":18,"column":1}},"line":16},"1":{"name":"(anonymous_1)","decl":{"start":{"line":20,"column":17},"end":{"line":20,"column":18}},"loc":{"start":{"line":20,"column":26},"end":{"line":23,"column":1}},"line":20},"2":{"name":"(anonymous_2)","decl":{"start":{"line":26,"column":14},"end":{"line":26,"column":15}},"loc":{"start":{"line":26,"column":38},"end":{"line":37,"column":1}},"line":26},"3":{"name":"(anonymous_3)","decl":{"start":{"line":40,"column":18},"end":{"line":40,"column":19}},"loc":{"start":{"line":40,"column":30},"end":{"line":64,"column":1}},"line":40},"4":{"name":"(anonymous_4)","decl":{"start":{"line":46,"column":29},"end":{"line":46,"column":30}},"loc":{"start":{"line":46,"column":35},"end":{"line":48,"column":3}},"line":46},"5":{"name":"(anonymous_5)","decl":{"start":{"line":51,"column":17},"end":{"line":51,"column":18}},"loc":{"start":{"line":51,"column":30},"end":{"line":54,"column":3}},"line":51},"6":{"name":"(anonymous_6)","decl":{"start":{"line":56,"column":19},"end":{"line":56,"column":20}},"loc":{"start":{"line":56,"column":25},"end":{"line":61,"column":3}},"line":56}},"branchMap":{"0":{"loc":{"start":{"line":5,"column":8},"end":{"line":5,"column":42}},"type":"binary-expr","locations":[{"start":{"line":5,"column":8},"end":{"line":5,"column":27}},{"start":{"line":5,"column":31},"end":{"line":5,"column":42}}],"line":5},"1":{"loc":{"start":{"line":6,"column":8},"end":{"line":6,"column":35}},"type":"binary-expr","locations":[{"start":{"line":6,"column":8},"end":{"line":6,"column":27}},{"start":{"line":6,"column":31},"end":{"line":6,"column":35}}],"line":6},"2":{"loc":{"start":{"line":7,"column":8},"end":{"line":7,"column":46}},"type":"binary-expr","locations":[{"start":{"line":7,"column":8},"end":{"line":7,"column":27}},{"start":{"line":7,"column":31},"end":{"line":7,"column":46}}],"line":7},"3":{"loc":{"start":{"line":8,"column":12},"end":{"line":8,"column":58}},"type":"binary-expr","locations":[{"start":{"line":8,"column":12},"end":{"line":8,"column":35}},{"start":{"line":8,"column":39},"end":{"line":8,"column":58}}],"line":8},"4":{"loc":{"start":{"line":9,"column":12},"end":{"line":9,"column":52}},"type":"binary-expr","locations":[{"start":{"line":9,"column":12},"end":{"line":9,"column":31}},{"start":{"line":9,"column":35},"end":{"line":9,"column":52}}],"line":9}},"s":{"0":2,"1":2,"2":2,"3":1,"4":2,"5":0,"6":0,"7":2,"8":57,"9":57,"10":57,"11":56,"12":56,"13":56,"14":1,"15":1,"16":2,"17":0,"18":0,"19":0,"20":0,"21":0,"22":0,"23":0,"24":0,"25":0,"26":0,"27":0,"28":0,"29":0,"30":0,"31":2},"f":{"0":1,"1":0,"2":57,"3":0,"4":0,"5":0,"6":0},"b":{"0":[2,0],"1":[2,0],"2":[2,0],"3":[2,0],"4":[2,0]},"_coverageSchema":"1a1c01bbd47fc00a2c39e90264f33305004495a9","hash":"ddb57fb3bc7de7340c137428a780289d56b0b68b"}
,"/Users/sbecker11/workspace-react/react-super-app/server/src/middleware/auth.js": {"path":"/Users/sbecker11/workspace-react/react-super-app/server/src/middleware/auth.js","statementMap":{"0":{"start":{"line":1,"column":12},"end":{"line":1,"column":35}},"1":{"start":{"line":2,"column":18},"end":{"line":2,"column":51}},"2":{"start":{"line":8,"column":21},"end":{"line":52,"column":1}},"3":{"start":{"line":9,"column":2},"end":{"line":51,"column":3}},"4":{"start":{"line":11,"column":23},"end":{"line":11,"column":48}},"5":{"start":{"line":13,"column":4},"end":{"line":15,"column":5}},"6":{"start":{"line":14,"column":6},"end":{"line":14,"column":66}},"7":{"start":{"line":17,"column":18},"end":{"line":17,"column":41}},"8":{"start":{"line":20,"column":20},"end":{"line":20,"column":61}},"9":{"start":{"line":23,"column":19},"end":{"line":26,"column":5}},"10":{"start":{"line":28,"column":4},"end":{"line":30,"column":5}},"11":{"start":{"line":29,"column":6},"end":{"line":29,"column":63}},"12":{"start":{"line":32,"column":17},"end":{"line":32,"column":31}},"13":{"start":{"line":35,"column":4},"end":{"line":37,"column":5}},"14":{"start":{"line":36,"column":6},"end":{"line":36,"column":77}},"15":{"start":{"line":40,"column":4},"end":{"line":40,"column":20}},"16":{"start":{"line":41,"column":4},"end":{"line":41,"column":11}},"17":{"start":{"line":43,"column":4},"end":{"line":45,"column":5}},"18":{"start":{"line":44,"column":6},"end":{"line":44,"column":62}},"19":{"start":{"line":46,"column":4},"end":{"line":48,"column":5}},"20":{"start":{"line":47,"column":6},"end":{"line":47,"column":62}},"21":{"start":{"line":49,"column":4},"end":{"line":49,"column":51}},"22":{"start":{"line":50,"column":4},"end":{"line":50,"column":60}},"23":{"start":{"line":55,"column":0},"end":{"line":58,"column":2}}},"fnMap":{"0":{"name":"(anonymous_0)","decl":{"start":{"line":8,"column":21},"end":{"line":8,"column":22}},"loc":{"start":{"line":8,"column":47},"end":{"line":52,"column":1}},"line":8}},"branchMap":{"0":{"loc":{"start":{"line":13,"column":4},"end":{"line":15,"column":5}},"type":"if","locations":[{"start":{"line":13,"column":4},"end":{"line":15,"column":5}},{"start":{},"end":{}}],"line":13},"1":{"loc":{"start":{"line":13,"column":8},"end":{"line":13,"column":56}},"type":"binary-expr","locations":[{"start":{"line":13,"column":8},"end":{"line":13,"column":19}},{"start":{"line":13,"column":23},"end":{"line":13,"column":56}}],"line":13},"2":{"loc":{"start":{"line":28,"column":4},"end":{"line":30,"column":5}},"type":"if","locations":[{"start":{"line":28,"column":4},"end":{"line":30,"column":5}},{"start":{},"end":{}}],"line":28},"3":{"loc":{"start":{"line":35,"column":4},"end":{"line":37,"column":5}},"type":"if","locations":[{"start":{"line":35,"column":4},"end":{"line":37,"column":5}},{"start":{},"end":{}}],"line":35},"4":{"loc":{"start":{"line":43,"column":4},"end":{"line":45,"column":5}},"type":"if","locations":[{"start":{"line":43,"column":4},"end":{"line":45,"column":5}},{"start":{},"end":{}}],"line":43},"5":{"loc":{"start":{"line":46,"column":4},"end":{"line":48,"column":5}},"type":"if","locations":[{"start":{"line":46,"column":4},"end":{"line":48,"column":5}},{"start":{},"end":{}}],"line":46}},"s":{"0":2,"1":2,"2":2,"3":22,"4":22,"5":22,"6":3,"7":19,"8":19,"9":16,"10":15,"11":2,"12":13,"13":13,"14":0,"15":13,"16":13,"17":4,"18":2,"19":2,"20":1,"21":1,"22":1,"23":2},"f":{"0":22},"b":{"0":[3,19],"1":[22,20],"2":[2,13],"3":[0,13],"4":[2,2],"5":[1,1]},"_coverageSchema":"1a1c01bbd47fc00a2c39e90264f33305004495a9","hash":"451bdd9ffaecd4029352c6e10a20b4cb77827d94"}
,"/Users/sbecker11/workspace-react/react-super-app/server/src/middleware/rbac.js": {"path":"/Users/sbecker11/workspace-react/react-super-app/server/src/middleware/rbac.js","statementMap":{"0":{"start":{"line":11,"column":12},"end":{"line":11,"column":35}},"1":{"start":{"line":12,"column":13},"end":{"line":12,"column":46}},"2":{"start":{"line":18,"column":21},"end":{"line":34,"column":1}},"3":{"start":{"line":19,"column":2},"end":{"line":24,"column":3}},"4":{"start":{"line":20,"column":4},"end":{"line":23,"column":7}},"5":{"start":{"line":26,"column":2},"end":{"line":31,"column":3}},"6":{"start":{"line":27,"column":4},"end":{"line":30,"column":7}},"7":{"start":{"line":33,"column":2},"end":{"line":33,"column":9}},"8":{"start":{"line":41,"column":31},"end":{"line":87,"column":1}},"9":{"start":{"line":42,"column":24},"end":{"line":42,"column":55}},"10":{"start":{"line":44,"column":2},"end":{"line":50,"column":3}},"11":{"start":{"line":45,"column":4},"end":{"line":49,"column":7}},"12":{"start":{"line":52,"column":2},"end":{"line":86,"column":3}},"13":{"start":{"line":54,"column":20},"end":{"line":54,"column":69}},"14":{"start":{"line":57,"column":4},"end":{"line":63,"column":5}},"15":{"start":{"line":58,"column":6},"end":{"line":62,"column":9}},"16":{"start":{"line":66,"column":4},"end":{"line":71,"column":5}},"17":{"start":{"line":67,"column":6},"end":{"line":70,"column":9}},"18":{"start":{"line":74,"column":4},"end":{"line":77,"column":6}},"19":{"start":{"line":79,"column":4},"end":{"line":79,"column":11}},"20":{"start":{"line":81,"column":4},"end":{"line":85,"column":7}},"21":{"start":{"line":94,"column":32},"end":{"line":130,"column":1}},"22":{"start":{"line":95,"column":2},"end":{"line":100,"column":3}},"23":{"start":{"line":96,"column":4},"end":{"line":99,"column":7}},"24":{"start":{"line":103,"column":23},"end":{"line":103,"column":76}},"25":{"start":{"line":105,"column":2},"end":{"line":110,"column":3}},"26":{"start":{"line":106,"column":4},"end":{"line":109,"column":7}},"27":{"start":{"line":113,"column":2},"end":{"line":115,"column":3}},"28":{"start":{"line":114,"column":4},"end":{"line":114,"column":18}},"29":{"start":{"line":122,"column":2},"end":{"line":127,"column":3}},"30":{"start":{"line":123,"column":4},"end":{"line":126,"column":7}},"31":{"start":{"line":129,"column":2},"end":{"line":129,"column":9}},"32":{"start":{"line":140,"column":23},"end":{"line":155,"column":1}},"33":{"start":{"line":141,"column":2},"end":{"line":154,"column":3}},"34":{"start":{"line":142,"column":22},"end":{"line":142,"column":75}},"35":{"start":{"line":143,"column":22},"end":{"line":143,"column":56}},"36":{"start":{"line":145,"column":4},"end":{"line":150,"column":6}},"37":{"start":{"line":152,"column":4},"end":{"line":152,"column":56}},"38":{"start":{"line":165,"column":21},"end":{"line":180,"column":1}},"39":{"start":{"line":166,"column":2},"end":{"line":179,"column":3}},"40":{"start":{"line":167,"column":22},"end":{"line":167,"column":75}},"41":{"start":{"line":168,"column":22},"end":{"line":168,"column":56}},"42":{"start":{"line":170,"column":4},"end":{"line":175,"column":6}},"43":{"start":{"line":177,"column":4},"end":{"line":177,"column":54}},"44":{"start":{"line":189,"column":30},"end":{"line":207,"column":1}},"45":{"start":{"line":190,"column":20},"end":{"line":190,"column":49}},"46":{"start":{"line":192,"column":16},"end":{"line":201,"column":3}},"47":{"start":{"line":203,"column":2},"end":{"line":206,"column":4}},"48":{"start":{"line":209,"column":0},"end":{"line":216,"column":2}}},"fnMap":{"0":{"name":"(anonymous_0)","decl":{"start":{"line":18,"column":21},"end":{"line":18,"column":22}},"loc":{"start":{"line":18,"column":41},"end":{"line":34,"column":1}},"line":18},"1":{"name":"(anonymous_1)","decl":{"start":{"line":41,"column":31},"end":{"line":41,"column":32}},"loc":{"start":{"line":41,"column":51},"end":{"line":87,"column":1}},"line":41},"2":{"name":"(anonymous_2)","decl":{"start":{"line":94,"column":32},"end":{"line":94,"column":33}},"loc":{"start":{"line":94,"column":52},"end":{"line":130,"column":1}},"line":94},"3":{"name":"(anonymous_3)","decl":{"start":{"line":140,"column":23},"end":{"line":140,"column":24}},"loc":{"start":{"line":140,"column":95},"end":{"line":155,"column":1}},"line":140},"4":{"name":"(anonymous_4)","decl":{"start":{"line":165,"column":21},"end":{"line":165,"column":22}},"loc":{"start":{"line":165,"column":97},"end":{"line":180,"column":1}},"line":165},"5":{"name":"(anonymous_5)","decl":{"start":{"line":189,"column":30},"end":{"line":189,"column":31}},"loc":{"start":{"line":189,"column":48},"end":{"line":207,"column":1}},"line":189}},"branchMap":{"0":{"loc":{"start":{"line":19,"column":2},"end":{"line":24,"column":3}},"type":"if","locations":[{"start":{"line":19,"column":2},"end":{"line":24,"column":3}},{"start":{},"end":{}}],"line":19},"1":{"loc":{"start":{"line":26,"column":2},"end":{"line":31,"column":3}},"type":"if","locations":[{"start":{"line":26,"column":2},"end":{"line":31,"column":3}},{"start":{},"end":{}}],"line":26},"2":{"loc":{"start":{"line":44,"column":2},"end":{"line":50,"column":3}},"type":"if","locations":[{"start":{"line":44,"column":2},"end":{"line":50,"column":3}},{"start":{},"end":{}}],"line":44},"3":{"loc":{"start":{"line":57,"column":4},"end":{"line":63,"column":5}},"type":"if","locations":[{"start":{"line":57,"column":4},"end":{"line":63,"column":5}},{"start":{},"end":{}}],"line":57},"4":{"loc":{"start":{"line":66,"column":4},"end":{"line":71,"column":5}},"type":"if","locations":[{"start":{"line":66,"column":4},"end":{"line":71,"column":5}},{"start":{},"end":{}}],"line":66},"5":{"loc":{"start":{"line":95,"column":2},"end":{"line":100,"column":3}},"type":"if","locations":[{"start":{"line":95,"column":2},"end":{"line":100,"column":3}},{"start":{},"end":{}}],"line":95},"6":{"loc":{"start":{"line":103,"column":23},"end":{"line":103,"column":76}},"type":"binary-expr","locations":[{"start":{"line":103,"column":23},"end":{"line":103,"column":40}},{"start":{"line":103,"column":44},"end":{"line":103,"column":57}},{"start":{"line":103,"column":61},"end":{"line":103,"column":76}}],"line":103},"7":{"loc":{"start":{"line":105,"column":2},"end":{"line":110,"column":3}},"type":"if","locations":[{"start":{"line":105,"column":2},"end":{"line":110,"column":3}},{"start":{},"end":{}}],"line":105},"8":{"loc":{"start":{"line":113,"column":2},"end":{"line":115,"column":3}},"type":"if","locations":[{"start":{"line":113,"column":2},"end":{"line":115,"column":3}},{"start":{},"end":{}}],"line":113},"9":{"loc":{"start":{"line":122,"column":2},"end":{"line":127,"column":3}},"type":"if","locations":[{"start":{"line":122,"column":2},"end":{"line":127,"column":3}},{"start":{},"end":{}}],"line":122},"10":{"loc":{"start":{"line":140,"column":65},"end":{"line":140,"column":78}},"type":"default-arg","locations":[{"start":{"line":140,"column":76},"end":{"line":140,"column":78}}],"line":140},"11":{"loc":{"start":{"line":140,"column":80},"end":{"line":140,"column":90}},"type":"default-arg","locations":[{"start":{"line":140,"column":86},"end":{"line":140,"column":90}}],"line":140},"12":{"loc":{"start":{"line":142,"column":22},"end":{"line":142,"column":75}},"type":"cond-expr","locations":[{"start":{"line":142,"column":29},"end":{"line":142,"column":67}},{"start":{"line":142,"column":71},"end":{"line":142,"column":75}}],"line":142},"13":{"loc":{"start":{"line":142,"column":29},"end":{"line":142,"column":67}},"type":"binary-expr","locations":[{"start":{"line":142,"column":29},"end":{"line":142,"column":35}},{"start":{"line":142,"column":39},"end":{"line":142,"column":67}}],"line":142},"14":{"loc":{"start":{"line":143,"column":22},"end":{"line":143,"column":56}},"type":"cond-expr","locations":[{"start":{"line":143,"column":28},"end":{"line":143,"column":49}},{"start":{"line":143,"column":52},"end":{"line":143,"column":56}}],"line":143},"15":{"loc":{"start":{"line":165,"column":44},"end":{"line":165,"column":58}},"type":"default-arg","locations":[{"start":{"line":165,"column":54},"end":{"line":165,"column":58}}],"line":165},"16":{"loc":{"start":{"line":165,"column":60},"end":{"line":165,"column":80}},"type":"default-arg","locations":[{"start":{"line":165,"column":76},"end":{"line":165,"column":80}}],"line":165},"17":{"loc":{"start":{"line":165,"column":82},"end":{"line":165,"column":92}},"type":"default-arg","locations":[{"start":{"line":165,"column":88},"end":{"line":165,"column":92}}],"line":165},"18":{"loc":{"start":{"line":167,"column":22},"end":{"line":167,"column":75}},"type":"cond-expr","locations":[{"start":{"line":167,"column":29},"end":{"line":167,"column":67}},{"start":{"line":167,"column":71},"end":{"line":167,"column":75}}],"line":167},"19":{"loc":{"start":{"line":167,"column":29},"end":{"line":167,"column":67}},"type":"binary-expr","locations":[{"start":{"line":167,"column":29},"end":{"line":167,"column":35}},{"start":{"line":167,"column":39},"end":{"line":167,"column":67}}],"line":167},"20":{"loc":{"start":{"line":168,"column":22},"end":{"line":168,"column":56}},"type":"cond-expr","locations":[{"start":{"line":168,"column":28},"end":{"line":168,"column":49}},{"start":{"line":168,"column":52},"end":{"line":168,"column":56}}],"line":168}},"s":{"0":1,"1":1,"2":1,"3":0,"4":0,"5":0,"6":0,"7":0,"8":1,"9":0,"10":0,"11":0,"12":0,"13":0,"14":0,"15":0,"16":0,"17":0,"18":0,"19":0,"20":0,"21":1,"22":7,"23":0,"24":7,"25":7,"26":0,"27":7,"28":0,"29":7,"30":2,"31":5,"32":1,"33":0,"34":0,"35":0,"36":0,"37":0,"38":1,"39":9,"40":9,"41":9,"42":9,"43":0,"44":1,"45":0,"46":0,"47":0,"48":1},"f":{"0":0,"1":0,"2":7,"3":0,"4":9,"5":0},"b":{"0":[0,0],"1":[0,0],"2":[0,0],"3":[0,0],"4":[0,0],"5":[0,7],"6":[7,7,0],"7":[0,7],"8":[0,7],"9":[2,5],"10":[0],"11":[0],"12":[0,0],"13":[0,0],"14":[0,0],"15":[0],"16":[0],"17":[0],"18":[9,0],"19":[9,0],"20":[9,0]},"_coverageSchema":"1a1c01bbd47fc00a2c39e90264f33305004495a9","hash":"424e2103d2d3a733cff095dee6249ba6a636ed7e"}
,"/Users/sbecker11/workspace-react/react-super-app/server/src/routes/admin.js": {"path":"/Users/sbecker11/workspace-react/react-super-app/server/src/routes/admin.js","statementMap":{"0":{"start":{"line":7,"column":16},"end":{"line":7,"column":34}},"1":{"start":{"line":8,"column":15},"end":{"line":8,"column":31}},"2":{"start":{"line":9,"column":15},"end":{"line":9,"column":34}},"3":{"start":{"line":10,"column":13},"end":{"line":10,"column":46}},"4":{"start":{"line":16,"column":4},"end":{"line":16,"column":33}},"5":{"start":{"line":17,"column":30},"end":{"line":17,"column":59}},"6":{"start":{"line":24,"column":0},"end":{"line":75,"column":3}},"7":{"start":{"line":25,"column":2},"end":{"line":74,"column":3}},"8":{"start":{"line":26,"column":25},"end":{"line":26,"column":33}},"9":{"start":{"line":28,"column":4},"end":{"line":33,"column":5}},"10":{"start":{"line":29,"column":6},"end":{"line":32,"column":9}},"11":{"start":{"line":36,"column":19},"end":{"line":39,"column":5}},"12":{"start":{"line":41,"column":4},"end":{"line":46,"column":5}},"13":{"start":{"line":42,"column":6},"end":{"line":45,"column":9}},"14":{"start":{"line":48,"column":17},"end":{"line":48,"column":31}},"15":{"start":{"line":51,"column":20},"end":{"line":51,"column":70}},"16":{"start":{"line":53,"column":4},"end":{"line":58,"column":5}},"17":{"start":{"line":54,"column":6},"end":{"line":57,"column":9}},"18":{"start":{"line":61,"column":33},"end":{"line":61,"column":82}},"19":{"start":{"line":63,"column":4},"end":{"line":67,"column":7}},"20":{"start":{"line":69,"column":4},"end":{"line":69,"column":60}},"21":{"start":{"line":70,"column":4},"end":{"line":73,"column":7}},"22":{"start":{"line":82,"column":0},"end":{"line":226,"column":3}},"23":{"start":{"line":83,"column":2},"end":{"line":225,"column":3}},"24":{"start":{"line":92,"column":8},"end":{"line":92,"column":17}},"25":{"start":{"line":96,"column":23},"end":{"line":96,"column":25}},"26":{"start":{"line":97,"column":19},"end":{"line":97,"column":21}},"27":{"start":{"line":98,"column":21},"end":{"line":98,"column":22}},"28":{"start":{"line":100,"column":4},"end":{"line":103,"column":5}},"29":{"start":{"line":101,"column":6},"end":{"line":101,"column":49}},"30":{"start":{"line":102,"column":6},"end":{"line":102,"column":24}},"31":{"start":{"line":105,"column":4},"end":{"line":108,"column":5}},"32":{"start":{"line":106,"column":6},"end":{"line":106,"column":54}},"33":{"start":{"line":107,"column":6},"end":{"line":107,"column":40}},"34":{"start":{"line":110,"column":4},"end":{"line":114,"column":5}},"35":{"start":{"line":111,"column":6},"end":{"line":111,"column":83}},"36":{"start":{"line":112,"column":6},"end":{"line":112,"column":33}},"37":{"start":{"line":113,"column":6},"end":{"line":113,"column":19}},"38":{"start":{"line":116,"column":24},"end":{"line":118,"column":10}},"39":{"start":{"line":121,"column":29},"end":{"line":121,"column":98}},"40":{"start":{"line":122,"column":23},"end":{"line":122,"column":82}},"41":{"start":{"line":123,"column":26},"end":{"line":123,"column":77}},"42":{"start":{"line":126,"column":19},"end":{"line":126,"column":57}},"43":{"start":{"line":129,"column":23},"end":{"line":129,"column":66}},"44":{"start":{"line":130,"column":24},"end":{"line":130,"column":30}},"45":{"start":{"line":131,"column":4},"end":{"line":131,"column":61}},"46":{"start":{"line":132,"column":4},"end":{"line":132,"column":63}},"47":{"start":{"line":133,"column":24},"end":{"line":133,"column":65}},"48":{"start":{"line":134,"column":23},"end":{"line":134,"column":58}},"49":{"start":{"line":135,"column":4},"end":{"line":135,"column":68}},"50":{"start":{"line":138,"column":23},"end":{"line":144,"column":52}},"51":{"start":{"line":145,"column":24},"end":{"line":145,"column":60}},"52":{"start":{"line":146,"column":4},"end":{"line":146,"column":61}},"53":{"start":{"line":147,"column":4},"end":{"line":147,"column":63}},"54":{"start":{"line":148,"column":24},"end":{"line":148,"column":65}},"55":{"start":{"line":149,"column":4},"end":{"line":149,"column":81}},"56":{"start":{"line":150,"column":4},"end":{"line":150,"column":93}},"57":{"start":{"line":154,"column":20},"end":{"line":154,"column":51}},"58":{"start":{"line":154,"column":46},"end":{"line":154,"column":50}},"59":{"start":{"line":155,"column":22},"end":{"line":155,"column":34}},"60":{"start":{"line":159,"column":4},"end":{"line":179,"column":5}},"61":{"start":{"line":160,"column":6},"end":{"line":178,"column":7}},"62":{"start":{"line":162,"column":27},"end":{"line":168,"column":23}},"63":{"start":{"line":169,"column":28},"end":{"line":169,"column":37}},"64":{"start":{"line":170,"column":8},"end":{"line":170,"column":65}},"65":{"start":{"line":171,"column":8},"end":{"line":171,"column":73}},"66":{"start":{"line":172,"column":8},"end":{"line":172,"column":64}},"67":{"start":{"line":173,"column":8},"end":{"line":173,"column":97}},"68":{"start":{"line":175,"column":8},"end":{"line":175,"column":104}},"69":{"start":{"line":177,"column":8},"end":{"line":177,"column":35}},"70":{"start":{"line":182,"column":21},"end":{"line":182,"column":23}},"71":{"start":{"line":183,"column":4},"end":{"line":189,"column":7}},"72":{"start":{"line":184,"column":6},"end":{"line":188,"column":8}},"73":{"start":{"line":191,"column":18},"end":{"line":198,"column":7}},"74":{"start":{"line":191,"column":48},"end":{"line":198,"column":5}},"75":{"start":{"line":200,"column":21},"end":{"line":208,"column":5}},"76":{"start":{"line":210,"column":4},"end":{"line":214,"column":17}},"77":{"start":{"line":212,"column":29},"end":{"line":212,"column":85}},"78":{"start":{"line":216,"column":4},"end":{"line":216,"column":23}},"79":{"start":{"line":218,"column":4},"end":{"line":218,"column":49}},"80":{"start":{"line":219,"column":4},"end":{"line":219,"column":47}},"81":{"start":{"line":220,"column":4},"end":{"line":224,"column":7}},"82":{"start":{"line":233,"column":0},"end":{"line":299,"column":3}},"83":{"start":{"line":234,"column":2},"end":{"line":298,"column":3}},"84":{"start":{"line":235,"column":19},"end":{"line":235,"column":29}},"85":{"start":{"line":237,"column":19},"end":{"line":244,"column":5}},"86":{"start":{"line":246,"column":4},"end":{"line":251,"column":5}},"87":{"start":{"line":247,"column":6},"end":{"line":250,"column":9}},"88":{"start":{"line":253,"column":17},"end":{"line":253,"column":31}},"89":{"start":{"line":257,"column":4},"end":{"line":269,"column":5}},"90":{"start":{"line":258,"column":6},"end":{"line":265,"column":8}},"91":{"start":{"line":267,"column":6},"end":{"line":267,"column":102}},"92":{"start":{"line":268,"column":6},"end":{"line":268,"column":62}},"93":{"start":{"line":271,"column":4},"end":{"line":277,"column":6}},"94":{"start":{"line":280,"column":27},"end":{"line":287,"column":5}},"95":{"start":{"line":289,"column":4},"end":{"line":289,"column":46}},"96":{"start":{"line":291,"column":4},"end":{"line":291,"column":19}},"97":{"start":{"line":293,"column":4},"end":{"line":293,"column":48}},"98":{"start":{"line":294,"column":4},"end":{"line":297,"column":7}},"99":{"start":{"line":306,"column":0},"end":{"line":373,"column":3}},"100":{"start":{"line":307,"column":2},"end":{"line":372,"column":3}},"101":{"start":{"line":308,"column":19},"end":{"line":308,"column":29}},"102":{"start":{"line":309,"column":21},"end":{"line":309,"column":29}},"103":{"start":{"line":311,"column":4},"end":{"line":316,"column":5}},"104":{"start":{"line":312,"column":6},"end":{"line":315,"column":9}},"105":{"start":{"line":319,"column":4},"end":{"line":324,"column":5}},"106":{"start":{"line":320,"column":6},"end":{"line":323,"column":9}},"107":{"start":{"line":327,"column":26},"end":{"line":330,"column":5}},"108":{"start":{"line":332,"column":4},"end":{"line":337,"column":5}},"109":{"start":{"line":333,"column":6},"end":{"line":336,"column":9}},"110":{"start":{"line":339,"column":24},"end":{"line":339,"column":45}},"111":{"start":{"line":340,"column":20},"end":{"line":340,"column":36}},"112":{"start":{"line":343,"column":19},"end":{"line":349,"column":5}},"113":{"start":{"line":351,"column":24},"end":{"line":351,"column":38}},"114":{"start":{"line":354,"column":4},"end":{"line":360,"column":6}},"115":{"start":{"line":362,"column":4},"end":{"line":365,"column":7}},"116":{"start":{"line":367,"column":4},"end":{"line":367,"column":54}},"117":{"start":{"line":368,"column":4},"end":{"line":371,"column":7}},"118":{"start":{"line":380,"column":0},"end":{"line":437,"column":3}},"119":{"start":{"line":381,"column":2},"end":{"line":436,"column":3}},"120":{"start":{"line":382,"column":19},"end":{"line":382,"column":29}},"121":{"start":{"line":383,"column":28},"end":{"line":383,"column":36}},"122":{"start":{"line":385,"column":4},"end":{"line":390,"column":5}},"123":{"start":{"line":386,"column":6},"end":{"line":389,"column":9}},"124":{"start":{"line":393,"column":23},"end":{"line":396,"column":5}},"125":{"start":{"line":398,"column":4},"end":{"line":403,"column":5}},"126":{"start":{"line":399,"column":6},"end":{"line":402,"column":9}},"127":{"start":{"line":405,"column":22},"end":{"line":405,"column":46}},"128":{"start":{"line":408,"column":25},"end":{"line":408,"column":59}},"129":{"start":{"line":411,"column":4},"end":{"line":416,"column":6}},"130":{"start":{"line":419,"column":4},"end":{"line":425,"column":6}},"131":{"start":{"line":427,"column":4},"end":{"line":429,"column":7}},"132":{"start":{"line":431,"column":4},"end":{"line":431,"column":59}},"133":{"start":{"line":432,"column":4},"end":{"line":435,"column":7}},"134":{"start":{"line":444,"column":0},"end":{"line":511,"column":3}},"135":{"start":{"line":445,"column":2},"end":{"line":510,"column":3}},"136":{"start":{"line":446,"column":19},"end":{"line":446,"column":29}},"137":{"start":{"line":447,"column":26},"end":{"line":447,"column":34}},"138":{"start":{"line":449,"column":4},"end":{"line":454,"column":5}},"139":{"start":{"line":450,"column":6},"end":{"line":453,"column":9}},"140":{"start":{"line":457,"column":4},"end":{"line":462,"column":5}},"141":{"start":{"line":458,"column":6},"end":{"line":461,"column":9}},"142":{"start":{"line":465,"column":23},"end":{"line":468,"column":5}},"143":{"start":{"line":470,"column":4},"end":{"line":475,"column":5}},"144":{"start":{"line":471,"column":6},"end":{"line":474,"column":9}},"145":{"start":{"line":477,"column":17},"end":{"line":477,"column":35}},"146":{"start":{"line":478,"column":22},"end":{"line":478,"column":36}},"147":{"start":{"line":481,"column":19},"end":{"line":487,"column":5}},"148":{"start":{"line":489,"column":24},"end":{"line":489,"column":38}},"149":{"start":{"line":492,"column":4},"end":{"line":498,"column":6}},"150":{"start":{"line":500,"column":4},"end":{"line":503,"column":7}},"151":{"start":{"line":505,"column":4},"end":{"line":505,"column":56}},"152":{"start":{"line":506,"column":4},"end":{"line":509,"column":7}},"153":{"start":{"line":518,"column":0},"end":{"line":557,"column":3}},"154":{"start":{"line":519,"column":2},"end":{"line":556,"column":3}},"155":{"start":{"line":520,"column":19},"end":{"line":520,"column":29}},"156":{"start":{"line":521,"column":39},"end":{"line":521,"column":48}},"157":{"start":{"line":523,"column":19},"end":{"line":534,"column":5}},"158":{"start":{"line":537,"column":24},"end":{"line":540,"column":5}},"159":{"start":{"line":542,"column":4},"end":{"line":549,"column":7}},"160":{"start":{"line":551,"column":4},"end":{"line":551,"column":57}},"161":{"start":{"line":552,"column":4},"end":{"line":555,"column":7}},"162":{"start":{"line":559,"column":0},"end":{"line":559,"column":24}}},"fnMap":{"0":{"name":"(anonymous_0)","decl":{"start":{"line":24,"column":65},"end":{"line":24,"column":66}},"loc":{"start":{"line":24,"column":85},"end":{"line":75,"column":1}},"line":24},"1":{"name":"(anonymous_1)","decl":{"start":{"line":82,"column":54},"end":{"line":82,"column":55}},"loc":{"start":{"line":82,"column":74},"end":{"line":226,"column":1}},"line":82},"2":{"name":"(anonymous_2)","decl":{"start":{"line":154,"column":41},"end":{"line":154,"column":42}},"loc":{"start":{"line":154,"column":46},"end":{"line":154,"column":50}},"line":154},"3":{"name":"(anonymous_3)","decl":{"start":{"line":183,"column":29},"end":{"line":183,"column":30}},"loc":{"start":{"line":183,"column":37},"end":{"line":189,"column":5}},"line":183},"4":{"name":"(anonymous_4)","decl":{"start":{"line":191,"column":39},"end":{"line":191,"column":40}},"loc":{"start":{"line":191,"column":48},"end":{"line":198,"column":5}},"line":191},"5":{"name":"(anonymous_5)","decl":{"start":{"line":212,"column":23},"end":{"line":212,"column":24}},"loc":{"start":{"line":212,"column":29},"end":{"line":212,"column":85}},"line":212},"6":{"name":"(anonymous_6)","decl":{"start":{"line":233,"column":58},"end":{"line":233,"column":59}},"loc":{"start":{"line":233,"column":78},"end":{"line":299,"column":1}},"line":233},"7":{"name":"(anonymous_7)","decl":{"start":{"line":306,"column":87},"end":{"line":306,"column":88}},"loc":{"start":{"line":306,"column":107},"end":{"line":373,"column":1}},"line":306},"8":{"name":"(anonymous_8)","decl":{"start":{"line":380,"column":91},"end":{"line":380,"column":92}},"loc":{"start":{"line":380,"column":111},"end":{"line":437,"column":1}},"line":380},"9":{"name":"(anonymous_9)","decl":{"start":{"line":444,"column":89},"end":{"line":444,"column":90}},"loc":{"start":{"line":444,"column":109},"end":{"line":511,"column":1}},"line":444},"10":{"name":"(anonymous_10)","decl":{"start":{"line":518,"column":67},"end":{"line":518,"column":68}},"loc":{"start":{"line":518,"column":87},"end":{"line":557,"column":1}},"line":518}},"branchMap":{"0":{"loc":{"start":{"line":28,"column":4},"end":{"line":33,"column":5}},"type":"if","locations":[{"start":{"line":28,"column":4},"end":{"line":33,"column":5}},{"start":{},"end":{}}],"line":28},"1":{"loc":{"start":{"line":41,"column":4},"end":{"line":46,"column":5}},"type":"if","locations":[{"start":{"line":41,"column":4},"end":{"line":46,"column":5}},{"start":{},"end":{}}],"line":41},"2":{"loc":{"start":{"line":53,"column":4},"end":{"line":58,"column":5}},"type":"if","locations":[{"start":{"line":53,"column":4},"end":{"line":58,"column":5}},{"start":{},"end":{}}],"line":53},"3":{"loc":{"start":{"line":88,"column":6},"end":{"line":88,"column":28}},"type":"default-arg","locations":[{"start":{"line":88,"column":16},"end":{"line":88,"column":28}}],"line":88},"4":{"loc":{"start":{"line":89,"column":6},"end":{"line":89,"column":25}},"type":"default-arg","locations":[{"start":{"line":89,"column":19},"end":{"line":89,"column":25}}],"line":89},"5":{"loc":{"start":{"line":90,"column":6},"end":{"line":90,"column":14}},"type":"default-arg","locations":[{"start":{"line":90,"column":13},"end":{"line":90,"column":14}}],"line":90},"6":{"loc":{"start":{"line":91,"column":6},"end":{"line":91,"column":16}},"type":"default-arg","locations":[{"start":{"line":91,"column":14},"end":{"line":91,"column":16}}],"line":91},"7":{"loc":{"start":{"line":100,"column":4},"end":{"line":103,"column":5}},"type":"if","locations":[{"start":{"line":100,"column":4},"end":{"line":103,"column":5}},{"start":{},"end":{}}],"line":100},"8":{"loc":{"start":{"line":105,"column":4},"end":{"line":108,"column":5}},"type":"if","locations":[{"start":{"line":105,"column":4},"end":{"line":108,"column":5}},{"start":{},"end":{}}],"line":105},"9":{"loc":{"start":{"line":110,"column":4},"end":{"line":114,"column":5}},"type":"if","locations":[{"start":{"line":110,"column":4},"end":{"line":114,"column":5}},{"start":{},"end":{}}],"line":110},"10":{"loc":{"start":{"line":116,"column":24},"end":{"line":118,"column":10}},"type":"cond-expr","locations":[{"start":{"line":117,"column":8},"end":{"line":117,"column":43}},{"start":{"line":118,"column":8},"end":{"line":118,"column":10}}],"line":116},"11":{"loc":{"start":{"line":122,"column":23},"end":{"line":122,"column":82}},"type":"cond-expr","locations":[{"start":{"line":122,"column":60},"end":{"line":122,"column":67}},{"start":{"line":122,"column":70},"end":{"line":122,"column":82}}],"line":122},"12":{"loc":{"start":{"line":123,"column":26},"end":{"line":123,"column":77}},"type":"cond-expr","locations":[{"start":{"line":123,"column":63},"end":{"line":123,"column":68}},{"start":{"line":123,"column":71},"end":{"line":123,"column":77}}],"line":123},"13":{"loc":{"start":{"line":159,"column":4},"end":{"line":179,"column":5}},"type":"if","locations":[{"start":{"line":159,"column":4},"end":{"line":179,"column":5}},{"start":{},"end":{}}],"line":159},"14":{"loc":{"start":{"line":185,"column":39},"end":{"line":185,"column":71}},"type":"binary-expr","locations":[{"start":{"line":185,"column":39},"end":{"line":185,"column":66}},{"start":{"line":185,"column":70},"end":{"line":185,"column":71}}],"line":185},"15":{"loc":{"start":{"line":193,"column":13},"end":{"line":197,"column":7}},"type":"binary-expr","locations":[{"start":{"line":193,"column":13},"end":{"line":193,"column":30}},{"start":{"line":193,"column":34},"end":{"line":197,"column":7}}],"line":193},"16":{"loc":{"start":{"line":246,"column":4},"end":{"line":251,"column":5}},"type":"if","locations":[{"start":{"line":246,"column":4},"end":{"line":251,"column":5}},{"start":{},"end":{}}],"line":246},"17":{"loc":{"start":{"line":272,"column":37},"end":{"line":272,"column":85}},"type":"binary-expr","locations":[{"start":{"line":272,"column":37},"end":{"line":272,"column":80}},{"start":{"line":272,"column":84},"end":{"line":272,"column":85}}],"line":272},"18":{"loc":{"start":{"line":311,"column":4},"end":{"line":316,"column":5}},"type":"if","locations":[{"start":{"line":311,"column":4},"end":{"line":316,"column":5}},{"start":{},"end":{}}],"line":311},"19":{"loc":{"start":{"line":311,"column":8},"end":{"line":311,"column":50}},"type":"binary-expr","locations":[{"start":{"line":311,"column":8},"end":{"line":311,"column":13}},{"start":{"line":311,"column":17},"end":{"line":311,"column":50}}],"line":311},"20":{"loc":{"start":{"line":319,"column":4},"end":{"line":324,"column":5}},"type":"if","locations":[{"start":{"line":319,"column":4},"end":{"line":324,"column":5}},{"start":{},"end":{}}],"line":319},"21":{"loc":{"start":{"line":332,"column":4},"end":{"line":337,"column":5}},"type":"if","locations":[{"start":{"line":332,"column":4},"end":{"line":337,"column":5}},{"start":{},"end":{}}],"line":332},"22":{"loc":{"start":{"line":385,"column":4},"end":{"line":390,"column":5}},"type":"if","locations":[{"start":{"line":385,"column":4},"end":{"line":390,"column":5}},{"start":{},"end":{}}],"line":385},"23":{"loc":{"start":{"line":385,"column":8},"end":{"line":385,"column":46}},"type":"binary-expr","locations":[{"start":{"line":385,"column":8},"end":{"line":385,"column":20}},{"start":{"line":385,"column":24},"end":{"line":385,"column":46}}],"line":385},"24":{"loc":{"start":{"line":398,"column":4},"end":{"line":403,"column":5}},"type":"if","locations":[{"start":{"line":398,"column":4},"end":{"line":403,"column":5}},{"start":{},"end":{}}],"line":398},"25":{"loc":{"start":{"line":449,"column":4},"end":{"line":454,"column":5}},"type":"if","locations":[{"start":{"line":449,"column":4},"end":{"line":454,"column":5}},{"start":{},"end":{}}],"line":449},"26":{"loc":{"start":{"line":457,"column":4},"end":{"line":462,"column":5}},"type":"if","locations":[{"start":{"line":457,"column":4},"end":{"line":462,"column":5}},{"start":{},"end":{}}],"line":457},"27":{"loc":{"start":{"line":470,"column":4},"end":{"line":475,"column":5}},"type":"if","locations":[{"start":{"line":470,"column":4},"end":{"line":475,"column":5}},{"start":{},"end":{}}],"line":470},"28":{"loc":{"start":{"line":493,"column":6},"end":{"line":493,"column":61}},"type":"cond-expr","locations":[{"start":{"line":493,"column":18},"end":{"line":493,"column":37}},{"start":{"line":493,"column":40},"end":{"line":493,"column":61}}],"line":493},"29":{"loc":{"start":{"line":501,"column":31},"end":{"line":501,"column":70}},"type":"cond-expr","locations":[{"start":{"line":501,"column":43},"end":{"line":501,"column":54}},{"start":{"line":501,"column":57},"end":{"line":501,"column":70}}],"line":501},"30":{"loc":{"start":{"line":521,"column":12},"end":{"line":521,"column":22}},"type":"default-arg","locations":[{"start":{"line":521,"column":20},"end":{"line":521,"column":22}}],"line":521},"31":{"loc":{"start":{"line":521,"column":24},"end":{"line":521,"column":34}},"type":"default-arg","locations":[{"start":{"line":521,"column":33},"end":{"line":521,"column":34}}],"line":521}},"s":{"0":1,"1":1,"2":1,"3":1,"4":1,"5":1,"6":1,"7":0,"8":0,"9":0,"10":0,"11":0,"12":0,"13":0,"14":0,"15":0,"16":0,"17":0,"18":0,"19":0,"20":0,"21":0,"22":1,"23":0,"24":0,"25":0,"26":0,"27":0,"28":0,"29":0,"30":0,"31":0,"32":0,"33":0,"34":0,"35":0,"36":0,"37":0,"38":0,"39":0,"40":0,"41":0,"42":0,"43":0,"44":0,"45":0,"46":0,"47":0,"48":0,"49":0,"50":0,"51":0,"52":0,"53":0,"54":0,"55":0,"56":0,"57":0,"58":0,"59":0,"60":0,"61":0,"62":0,"63":0,"64":0,"65":0,"66":0,"67":0,"68":0,"69":0,"70":0,"71":0,"72":0,"73":0,"74":0,"75":0,"76":0,"77":0,"78":0,"79":0,"80":0,"81":0,"82":1,"83":0,"84":0,"85":0,"86":0,"87":0,"88":0,"89":0,"90":0,"91":0,"92":0,"93":0,"94":0,"95":0,"96":0,"97":0,"98":0,"99":1,"100":0,"101":0,"102":0,"103":0,"104":0,"105":0,"106":0,"107":0,"108":0,"109":0,"110":0,"111":0,"112":0,"113":0,"114":0,"115":0,"116":0,"117":0,"118":1,"119":0,"120":0,"121":0,"122":0,"123":0,"124":0,"125":0,"126":0,"127":0,"128":0,"129":0,"130":0,"131":0,"132":0,"133":0,"134":1,"135":0,"136":0,"137":0,"138":0,"139":0,"140":0,"141":0,"142":0,"143":0,"144":0,"145":0,"146":0,"147":0,"148":0,"149":0,"150":0,"151":0,"152":0,"153":1,"154":0,"155":0,"156":0,"157":0,"158":0,"159":0,"160":0,"161":0,"162":1},"f":{"0":0,"1":0,"2":0,"3":0,"4":0,"5":0,"6":0,"7":0,"8":0,"9":0,"10":0},"b":{"0":[0,0],"1":[0,0],"2":[0,0],"3":[0],"4":[0],"5":[0],"6":[0],"7":[0,0],"8":[0,0],"9":[0,0],"10":[0,0],"11":[0,0],"12":[0,0],"13":[0,0],"14":[0,0],"15":[0,0],"16":[0,0],"17":[0,0],"18":[0,0],"19":[0,0],"20":[0,0],"21":[0,0],"22":[0,0],"23":[0,0],"24":[0,0],"25":[0,0],"26":[0,0],"27":[0,0],"28":[0,0],"29":[0,0],"30":[0],"31":[0]},"_coverageSchema":"1a1c01bbd47fc00a2c39e90264f33305004495a9","hash":"5183644fb01a36077861e3e10c7fc0d5bba4c1c4"}
,"/Users/sbecker11/workspace-react/react-super-app/server/src/routes/auth.js": {"path":"/Users/sbecker11/workspace-react/react-super-app/server/src/routes/auth.js","statementMap":{"0":{"start":{"line":1,"column":16},"end":{"line":1,"column":34}},"1":{"start":{"line":2,"column":15},"end":{"line":2,"column":34}},"2":{"start":{"line":3,"column":12},"end":{"line":3,"column":35}},"3":{"start":{"line":4,"column":35},"end":{"line":4,"column":63}},"4":{"start":{"line":5,"column":18},"end":{"line":5,"column":51}},"5":{"start":{"line":6,"column":25},"end":{"line":6,"column":54}},"6":{"start":{"line":7,"column":34},"end":{"line":7,"column":76}},"7":{"start":{"line":9,"column":15},"end":{"line":9,"column":31}},"8":{"start":{"line":16,"column":0},"end":{"line":74,"column":3}},"9":{"start":{"line":17,"column":2},"end":{"line":73,"column":3}},"10":{"start":{"line":19,"column":19},"end":{"line":19,"column":40}},"11":{"start":{"line":20,"column":4},"end":{"line":22,"column":5}},"12":{"start":{"line":21,"column":6},"end":{"line":21,"column":62}},"13":{"start":{"line":24,"column":38},"end":{"line":24,"column":46}},"14":{"start":{"line":27,"column":25},"end":{"line":30,"column":5}},"15":{"start":{"line":32,"column":4},"end":{"line":34,"column":5}},"16":{"start":{"line":33,"column":6},"end":{"line":33,"column":84}},"17":{"start":{"line":37,"column":23},"end":{"line":37,"column":25}},"18":{"start":{"line":38,"column":25},"end":{"line":38,"column":64}},"19":{"start":{"line":41,"column":19},"end":{"line":46,"column":5}},"20":{"start":{"line":48,"column":17},"end":{"line":48,"column":31}},"21":{"start":{"line":51,"column":4},"end":{"line":51,"column":61}},"22":{"start":{"line":54,"column":18},"end":{"line":58,"column":5}},"23":{"start":{"line":60,"column":4},"end":{"line":69,"column":7}},"24":{"start":{"line":71,"column":4},"end":{"line":71,"column":48}},"25":{"start":{"line":72,"column":4},"end":{"line":72,"column":59}},"26":{"start":{"line":80,"column":0},"end":{"line":157,"column":3}},"27":{"start":{"line":90,"column":2},"end":{"line":156,"column":3}},"28":{"start":{"line":92,"column":19},"end":{"line":92,"column":40}},"29":{"start":{"line":93,"column":4},"end":{"line":95,"column":5}},"30":{"start":{"line":94,"column":6},"end":{"line":94,"column":62}},"31":{"start":{"line":97,"column":32},"end":{"line":97,"column":40}},"32":{"start":{"line":100,"column":19},"end":{"line":103,"column":5}},"33":{"start":{"line":105,"column":4},"end":{"line":109,"column":5}},"34":{"start":{"line":107,"column":6},"end":{"line":107,"column":77}},"35":{"start":{"line":108,"column":6},"end":{"line":108,"column":74}},"36":{"start":{"line":111,"column":17},"end":{"line":111,"column":31}},"37":{"start":{"line":114,"column":4},"end":{"line":117,"column":5}},"38":{"start":{"line":115,"column":6},"end":{"line":115,"column":85}},"39":{"start":{"line":116,"column":6},"end":{"line":116,"column":102}},"40":{"start":{"line":120,"column":28},"end":{"line":120,"column":78}},"41":{"start":{"line":122,"column":4},"end":{"line":125,"column":5}},"42":{"start":{"line":123,"column":6},"end":{"line":123,"column":82}},"43":{"start":{"line":124,"column":6},"end":{"line":124,"column":74}},"44":{"start":{"line":128,"column":4},"end":{"line":131,"column":6}},"45":{"start":{"line":134,"column":4},"end":{"line":134,"column":58}},"46":{"start":{"line":137,"column":18},"end":{"line":141,"column":5}},"47":{"start":{"line":143,"column":4},"end":{"line":152,"column":7}},"48":{"start":{"line":154,"column":4},"end":{"line":154,"column":41}},"49":{"start":{"line":155,"column":4},"end":{"line":155,"column":52}},"50":{"start":{"line":159,"column":0},"end":{"line":159,"column":24}}},"fnMap":{"0":{"name":"(anonymous_0)","decl":{"start":{"line":16,"column":50},"end":{"line":16,"column":51}},"loc":{"start":{"line":16,"column":70},"end":{"line":74,"column":1}},"line":16},"1":{"name":"(anonymous_1)","decl":{"start":{"line":89,"column":3},"end":{"line":89,"column":4}},"loc":{"start":{"line":89,"column":23},"end":{"line":157,"column":1}},"line":89}},"branchMap":{"0":{"loc":{"start":{"line":20,"column":4},"end":{"line":22,"column":5}},"type":"if","locations":[{"start":{"line":20,"column":4},"end":{"line":22,"column":5}},{"start":{},"end":{}}],"line":20},"1":{"loc":{"start":{"line":32,"column":4},"end":{"line":34,"column":5}},"type":"if","locations":[{"start":{"line":32,"column":4},"end":{"line":34,"column":5}},{"start":{},"end":{}}],"line":32},"2":{"loc":{"start":{"line":57,"column":19},"end":{"line":57,"column":54}},"type":"binary-expr","locations":[{"start":{"line":57,"column":19},"end":{"line":57,"column":45}},{"start":{"line":57,"column":49},"end":{"line":57,"column":54}}],"line":57},"3":{"loc":{"start":{"line":93,"column":4},"end":{"line":95,"column":5}},"type":"if","locations":[{"start":{"line":93,"column":4},"end":{"line":95,"column":5}},{"start":{},"end":{}}],"line":93},"4":{"loc":{"start":{"line":105,"column":4},"end":{"line":109,"column":5}},"type":"if","locations":[{"start":{"line":105,"column":4},"end":{"line":109,"column":5}},{"start":{},"end":{}}],"line":105},"5":{"loc":{"start":{"line":114,"column":4},"end":{"line":117,"column":5}},"type":"if","locations":[{"start":{"line":114,"column":4},"end":{"line":117,"column":5}},{"start":{},"end":{}}],"line":114},"6":{"loc":{"start":{"line":122,"column":4},"end":{"line":125,"column":5}},"type":"if","locations":[{"start":{"line":122,"column":4},"end":{"line":125,"column":5}},{"start":{},"end":{}}],"line":122},"7":{"loc":{"start":{"line":140,"column":19},"end":{"line":140,"column":54}},"type":"binary-expr","locations":[{"start":{"line":140,"column":19},"end":{"line":140,"column":45}},{"start":{"line":140,"column":49},"end":{"line":140,"column":54}}],"line":140}},"s":{"0":1,"1":1,"2":1,"3":1,"4":1,"5":1,"6":1,"7":1,"8":1,"9":11,"10":11,"11":11,"12":4,"13":7,"14":7,"15":7,"16":1,"17":6,"18":6,"19":6,"20":6,"21":6,"22":6,"23":6,"24":0,"25":0,"26":1,"27":4,"28":4,"29":4,"30":1,"31":3,"32":3,"33":3,"34":1,"35":1,"36":2,"37":2,"38":0,"39":0,"40":2,"41":2,"42":1,"43":1,"44":1,"45":1,"46":1,"47":1,"48":0,"49":0,"50":1},"f":{"0":11,"1":4},"b":{"0":[4,7],"1":[1,6],"2":[6,0],"3":[1,3],"4":[1,2],"5":[0,2],"6":[1,1],"7":[1,0]},"_coverageSchema":"1a1c01bbd47fc00a2c39e90264f33305004495a9","hash":"ad5a11dd2ab72b3cf983bdf581215a3cf59e8a74"}
,"/Users/sbecker11/workspace-react/react-super-app/server/src/routes/users.js": {"path":"/Users/sbecker11/workspace-react/react-super-app/server/src/routes/users.js","statementMap":{"0":{"start":{"line":1,"column":16},"end":{"line":1,"column":34}},"1":{"start":{"line":2,"column":29},"end":{"line":2,"column":57}},"2":{"start":{"line":3,"column":18},"end":{"line":3,"column":51}},"3":{"start":{"line":4,"column":25},"end":{"line":4,"column":54}},"4":{"start":{"line":5,"column":36},"end":{"line":5,"column":65}},"5":{"start":{"line":6,"column":39},"end":{"line":6,"column":81}},"6":{"start":{"line":8,"column":15},"end":{"line":8,"column":31}},"7":{"start":{"line":11,"column":0},"end":{"line":11,"column":25}},"8":{"start":{"line":17,"column":0},"end":{"line":28,"column":3}},"9":{"start":{"line":18,"column":2},"end":{"line":27,"column":3}},"10":{"start":{"line":19,"column":19},"end":{"line":21,"column":5}},"11":{"start":{"line":23,"column":4},"end":{"line":23,"column":37}},"12":{"start":{"line":25,"column":4},"end":{"line":25,"column":45}},"13":{"start":{"line":26,"column":4},"end":{"line":26,"column":61}},"14":{"start":{"line":35,"column":0},"end":{"line":49,"column":3}},"15":{"start":{"line":37,"column":2},"end":{"line":48,"column":5}},"16":{"start":{"line":56,"column":0},"end":{"line":96,"column":3}},"17":{"start":{"line":57,"column":2},"end":{"line":95,"column":3}},"18":{"start":{"line":58,"column":19},"end":{"line":58,"column":29}},"19":{"start":{"line":61,"column":19},"end":{"line":64,"column":5}},"20":{"start":{"line":66,"column":4},"end":{"line":68,"column":5}},"21":{"start":{"line":67,"column":6},"end":{"line":67,"column":63}},"22":{"start":{"line":71,"column":4},"end":{"line":76,"column":5}},"23":{"start":{"line":72,"column":6},"end":{"line":75,"column":9}},"24":{"start":{"line":79,"column":4},"end":{"line":81,"column":5}},"25":{"start":{"line":80,"column":6},"end":{"line":80,"column":48}},"26":{"start":{"line":84,"column":4},"end":{"line":89,"column":5}},"27":{"start":{"line":85,"column":6},"end":{"line":88,"column":9}},"28":{"start":{"line":91,"column":4},"end":{"line":91,"column":39}},"29":{"start":{"line":93,"column":4},"end":{"line":93,"column":44}},"30":{"start":{"line":94,"column":4},"end":{"line":94,"column":60}},"31":{"start":{"line":107,"column":0},"end":{"line":170,"column":3}},"32":{"start":{"line":108,"column":2},"end":{"line":169,"column":3}},"33":{"start":{"line":110,"column":19},"end":{"line":110,"column":40}},"34":{"start":{"line":111,"column":4},"end":{"line":113,"column":5}},"35":{"start":{"line":112,"column":6},"end":{"line":112,"column":62}},"36":{"start":{"line":115,"column":19},"end":{"line":115,"column":29}},"37":{"start":{"line":116,"column":28},"end":{"line":116,"column":36}},"38":{"start":{"line":117,"column":20},"end":{"line":117,"column":22}},"39":{"start":{"line":118,"column":19},"end":{"line":118,"column":21}},"40":{"start":{"line":119,"column":21},"end":{"line":119,"column":22}},"41":{"start":{"line":122,"column":4},"end":{"line":125,"column":5}},"42":{"start":{"line":123,"column":6},"end":{"line":123,"column":46}},"43":{"start":{"line":124,"column":6},"end":{"line":124,"column":24}},"44":{"start":{"line":127,"column":4},"end":{"line":140,"column":5}},"45":{"start":{"line":129,"column":27},"end":{"line":132,"column":7}},"46":{"start":{"line":134,"column":6},"end":{"line":136,"column":7}},"47":{"start":{"line":135,"column":8},"end":{"line":135,"column":71}},"48":{"start":{"line":138,"column":6},"end":{"line":138,"column":47}},"49":{"start":{"line":139,"column":6},"end":{"line":139,"column":25}},"50":{"start":{"line":142,"column":4},"end":{"line":144,"column":5}},"51":{"start":{"line":143,"column":6},"end":{"line":143,"column":68}},"52":{"start":{"line":147,"column":4},"end":{"line":147,"column":29}},"53":{"start":{"line":148,"column":4},"end":{"line":148,"column":20}},"54":{"start":{"line":150,"column":19},"end":{"line":156,"column":5}},"55":{"start":{"line":158,"column":4},"end":{"line":160,"column":5}},"56":{"start":{"line":159,"column":6},"end":{"line":159,"column":63}},"57":{"start":{"line":162,"column":4},"end":{"line":165,"column":7}},"58":{"start":{"line":167,"column":4},"end":{"line":167,"column":47}},"59":{"start":{"line":168,"column":4},"end":{"line":168,"column":61}},"60":{"start":{"line":178,"column":0},"end":{"line":196,"column":3}},"61":{"start":{"line":179,"column":2},"end":{"line":195,"column":3}},"62":{"start":{"line":180,"column":19},"end":{"line":180,"column":29}},"63":{"start":{"line":182,"column":19},"end":{"line":185,"column":5}},"64":{"start":{"line":187,"column":4},"end":{"line":189,"column":5}},"65":{"start":{"line":188,"column":6},"end":{"line":188,"column":63}},"66":{"start":{"line":191,"column":4},"end":{"line":191,"column":55}},"67":{"start":{"line":193,"column":4},"end":{"line":193,"column":47}},"68":{"start":{"line":194,"column":4},"end":{"line":194,"column":61}},"69":{"start":{"line":198,"column":0},"end":{"line":198,"column":24}}},"fnMap":{"0":{"name":"(anonymous_0)","decl":{"start":{"line":17,"column":16},"end":{"line":17,"column":17}},"loc":{"start":{"line":17,"column":36},"end":{"line":28,"column":1}},"line":17},"1":{"name":"(anonymous_1)","decl":{"start":{"line":35,"column":18},"end":{"line":35,"column":19}},"loc":{"start":{"line":35,"column":32},"end":{"line":49,"column":1}},"line":35},"2":{"name":"(anonymous_2)","decl":{"start":{"line":56,"column":19},"end":{"line":56,"column":20}},"loc":{"start":{"line":56,"column":39},"end":{"line":96,"column":1}},"line":56},"3":{"name":"(anonymous_3)","decl":{"start":{"line":107,"column":74},"end":{"line":107,"column":75}},"loc":{"start":{"line":107,"column":94},"end":{"line":170,"column":1}},"line":107},"4":{"name":"(anonymous_4)","decl":{"start":{"line":178,"column":47},"end":{"line":178,"column":48}},"loc":{"start":{"line":178,"column":67},"end":{"line":196,"column":1}},"line":178}},"branchMap":{"0":{"loc":{"start":{"line":66,"column":4},"end":{"line":68,"column":5}},"type":"if","locations":[{"start":{"line":66,"column":4},"end":{"line":68,"column":5}},{"start":{},"end":{}}],"line":66},"1":{"loc":{"start":{"line":71,"column":4},"end":{"line":76,"column":5}},"type":"if","locations":[{"start":{"line":71,"column":4},"end":{"line":76,"column":5}},{"start":{},"end":{}}],"line":71},"2":{"loc":{"start":{"line":79,"column":4},"end":{"line":81,"column":5}},"type":"if","locations":[{"start":{"line":79,"column":4},"end":{"line":81,"column":5}},{"start":{},"end":{}}],"line":79},"3":{"loc":{"start":{"line":84,"column":4},"end":{"line":89,"column":5}},"type":"if","locations":[{"start":{"line":84,"column":4},"end":{"line":89,"column":5}},{"start":{},"end":{}}],"line":84},"4":{"loc":{"start":{"line":111,"column":4},"end":{"line":113,"column":5}},"type":"if","locations":[{"start":{"line":111,"column":4},"end":{"line":113,"column":5}},{"start":{},"end":{}}],"line":111},"5":{"loc":{"start":{"line":122,"column":4},"end":{"line":125,"column":5}},"type":"if","locations":[{"start":{"line":122,"column":4},"end":{"line":125,"column":5}},{"start":{},"end":{}}],"line":122},"6":{"loc":{"start":{"line":127,"column":4},"end":{"line":140,"column":5}},"type":"if","locations":[{"start":{"line":127,"column":4},"end":{"line":140,"column":5}},{"start":{},"end":{}}],"line":127},"7":{"loc":{"start":{"line":134,"column":6},"end":{"line":136,"column":7}},"type":"if","locations":[{"start":{"line":134,"column":6},"end":{"line":136,"column":7}},{"start":{},"end":{}}],"line":134},"8":{"loc":{"start":{"line":142,"column":4},"end":{"line":144,"column":5}},"type":"if","locations":[{"start":{"line":142,"column":4},"end":{"line":144,"column":5}},{"start":{},"end":{}}],"line":142},"9":{"loc":{"start":{"line":158,"column":4},"end":{"line":160,"column":5}},"type":"if","locations":[{"start":{"line":158,"column":4},"end":{"line":160,"column":5}},{"start":{},"end":{}}],"line":158},"10":{"loc":{"start":{"line":187,"column":4},"end":{"line":189,"column":5}},"type":"if","locations":[{"start":{"line":187,"column":4},"end":{"line":189,"column":5}},{"start":{},"end":{}}],"line":187}},"s":{"0":1,"1":1,"2":1,"3":1,"4":1,"5":1,"6":1,"7":1,"8":1,"9":1,"10":1,"11":1,"12":0,"13":0,"14":1,"15":1,"16":1,"17":3,"18":3,"19":3,"20":3,"21":1,"22":2,"23":0,"24":2,"25":0,"26":2,"27":1,"28":1,"29":0,"30":0,"31":1,"32":4,"33":4,"34":4,"35":0,"36":4,"37":4,"38":4,"39":4,"40":4,"41":4,"42":1,"43":1,"44":4,"45":3,"46":3,"47":1,"48":2,"49":2,"50":3,"51":0,"52":3,"53":3,"54":3,"55":3,"56":0,"57":3,"58":0,"59":0,"60":1,"61":1,"62":1,"63":1,"64":1,"65":0,"66":1,"67":0,"68":0,"69":1},"f":{"0":1,"1":1,"2":3,"3":4,"4":1},"b":{"0":[1,2],"1":[0,2],"2":[0,2],"3":[1,1],"4":[0,4],"5":[1,3],"6":[3,1],"7":[1,2],"8":[0,3],"9":[0,3],"10":[0,1]},"_coverageSchema":"1a1c01bbd47fc00a2c39e90264f33305004495a9","hash":"cc2d4739f35825294ca7b166243c577ab26cfc3a"}
,"/Users/sbecker11/workspace-react/react-super-app/server/src/validation/validationHelpers.js": {"path":"/Users/sbecker11/workspace-react/react-super-app/server/src/validation/validationHelpers.js","statementMap":{"0":{"start":{"line":8,"column":17},"end":{"line":8,"column":45}},"1":{"start":{"line":9,"column":25},"end":{"line":9,"column":71}},"2":{"start":{"line":18,"column":48},"end":{"line":18,"column":55}},"3":{"start":{"line":19,"column":17},"end":{"line":19,"column":44}},"4":{"start":{"line":21,"column":2},"end":{"line":23,"column":3}},"5":{"start":{"line":22,"column":4},"end":{"line":22,"column":56}},"6":{"start":{"line":25,"column":21},"end":{"line":25,"column":23}},"7":{"start":{"line":28,"column":2},"end":{"line":96,"column":3}},"8":{"start":{"line":30,"column":6},"end":{"line":50,"column":7}},"9":{"start":{"line":32,"column":8},"end":{"line":40,"column":10}},"10":{"start":{"line":42,"column":8},"end":{"line":49,"column":10}},"11":{"start":{"line":51,"column":6},"end":{"line":51,"column":12}},"12":{"start":{"line":54,"column":6},"end":{"line":74,"column":7}},"13":{"start":{"line":56,"column":8},"end":{"line":64,"column":10}},"14":{"start":{"line":66,"column":8},"end":{"line":73,"column":10}},"15":{"start":{"line":76,"column":6},"end":{"line":76,"column":12}},"16":{"start":{"line":79,"column":6},"end":{"line":91,"column":8}},"17":{"start":{"line":92,"column":6},"end":{"line":92,"column":12}},"18":{"start":{"line":95,"column":6},"end":{"line":95,"column":76}},"19":{"start":{"line":98,"column":2},"end":{"line":98,"column":20}},"20":{"start":{"line":105,"column":2},"end":{"line":109,"column":4}},"21":{"start":{"line":116,"column":2},"end":{"line":119,"column":4}},"22":{"start":{"line":122,"column":0},"end":{"line":127,"column":2}}},"fnMap":{"0":{"name":"getFieldValidators","decl":{"start":{"line":17,"column":9},"end":{"line":17,"column":27}},"loc":{"start":{"line":17,"column":53},"end":{"line":99,"column":1}},"line":17},"1":{"name":"getRegisterValidators","decl":{"start":{"line":104,"column":9},"end":{"line":104,"column":30}},"loc":{"start":{"line":104,"column":33},"end":{"line":110,"column":1}},"line":104},"2":{"name":"getProfileUpdateValidators","decl":{"start":{"line":115,"column":9},"end":{"line":115,"column":35}},"loc":{"start":{"line":115,"column":38},"end":{"line":120,"column":1}},"line":115}},"branchMap":{"0":{"loc":{"start":{"line":17,"column":39},"end":{"line":17,"column":51}},"type":"default-arg","locations":[{"start":{"line":17,"column":49},"end":{"line":17,"column":51}}],"line":17},"1":{"loc":{"start":{"line":18,"column":10},"end":{"line":18,"column":25}},"type":"default-arg","locations":[{"start":{"line":18,"column":21},"end":{"line":18,"column":25}}],"line":18},"2":{"loc":{"start":{"line":18,"column":27},"end":{"line":18,"column":43}},"type":"default-arg","locations":[{"start":{"line":18,"column":38},"end":{"line":18,"column":43}}],"line":18},"3":{"loc":{"start":{"line":21,"column":2},"end":{"line":23,"column":3}},"type":"if","locations":[{"start":{"line":21,"column":2},"end":{"line":23,"column":3}},{"start":{},"end":{}}],"line":21},"4":{"loc":{"start":{"line":28,"column":2},"end":{"line":96,"column":3}},"type":"switch","locations":[{"start":{"line":29,"column":4},"end":{"line":51,"column":12}},{"start":{"line":53,"column":4},"end":{"line":76,"column":12}},{"start":{"line":78,"column":4},"end":{"line":92,"column":12}},{"start":{"line":94,"column":4},"end":{"line":95,"column":76}}],"line":28},"5":{"loc":{"start":{"line":30,"column":6},"end":{"line":50,"column":7}},"type":"if","locations":[{"start":{"line":30,"column":6},"end":{"line":50,"column":7}},{"start":{"line":41,"column":13},"end":{"line":50,"column":7}}],"line":30},"6":{"loc":{"start":{"line":54,"column":6},"end":{"line":74,"column":7}},"type":"if","locations":[{"start":{"line":54,"column":6},"end":{"line":74,"column":7}},{"start":{"line":65,"column":13},"end":{"line":74,"column":7}}],"line":54}},"s":{"0":1,"1":1,"2":5,"3":5,"4":5,"5":0,"6":5,"7":5,"8":2,"9":1,"10":1,"11":2,"12":2,"13":1,"14":1,"15":2,"16":1,"17":1,"18":0,"19":5,"20":1,"21":1,"22":1},"f":{"0":5,"1":1,"2":1},"b":{"0":[0],"1":[2],"2":[3],"3":[0,5],"4":[2,2,1,0],"5":[1,1],"6":[1,1]},"_coverageSchema":"1a1c01bbd47fc00a2c39e90264f33305004495a9","hash":"4df856e338b5484ec53c7ea403234bd89ec0608d"}
}
