TN:
SF:src/database/connection.js
FN:16,(anonymous_0)
FN:20,(anonymous_1)
FN:26,(anonymous_2)
FN:40,(anonymous_3)
FN:46,(anonymous_4)
FN:51,(anonymous_5)
FN:56,(anonymous_6)
FNF:7
FNH:2
FNDA:1,(anonymous_0)
FNDA:0,(anonymous_1)
FNDA:57,(anonymous_2)
FNDA:0,(anonymous_3)
FNDA:0,(anonymous_4)
FNDA:0,(anonymous_5)
FNDA:0,(anonymous_6)
DA:1,2
DA:4,2
DA:16,2
DA:17,1
DA:20,2
DA:21,0
DA:22,0
DA:26,2
DA:27,57
DA:28,57
DA:29,57
DA:30,56
DA:31,56
DA:32,56
DA:34,1
DA:35,1
DA:40,2
DA:41,0
DA:42,0
DA:43,0
DA:46,0
DA:47,0
DA:51,0
DA:52,0
DA:53,0
DA:56,0
DA:57,0
DA:58,0
DA:59,0
DA:60,0
DA:63,0
DA:66,2
LF:32
LH:16
BRDA:5,0,0,2
BRDA:5,0,1,0
BRDA:6,1,0,2
BRDA:6,1,1,0
BRDA:7,2,0,2
BRDA:7,2,1,0
BRDA:8,3,0,2
BRDA:8,3,1,0
BRDA:9,4,0,2
BRDA:9,4,1,0
BRF:10
BRH:5
end_of_record
TN:
SF:src/middleware/auth.js
FN:8,(anonymous_0)
FNF:1
FNH:1
FNDA:22,(anonymous_0)
DA:1,2
DA:2,2
DA:8,2
DA:9,22
DA:11,22
DA:13,22
DA:14,3
DA:17,19
DA:20,19
DA:23,16
DA:28,15
DA:29,2
DA:32,13
DA:35,13
DA:36,0
DA:40,13
DA:41,13
DA:43,4
DA:44,2
DA:46,2
DA:47,1
DA:49,1
DA:50,1
DA:55,2
LF:24
LH:23
BRDA:13,0,0,3
BRDA:13,0,1,19
BRDA:13,1,0,22
BRDA:13,1,1,20
BRDA:28,2,0,2
BRDA:28,2,1,13
BRDA:35,3,0,0
BRDA:35,3,1,13
BRDA:43,4,0,2
BRDA:43,4,1,2
BRDA:46,5,0,1
BRDA:46,5,1,1
BRF:12
BRH:11
end_of_record
TN:
SF:src/middleware/rbac.js
FN:18,(anonymous_0)
FN:41,(anonymous_1)
FN:94,(anonymous_2)
FN:140,(anonymous_3)
FN:165,(anonymous_4)
FN:189,(anonymous_5)
FNF:6
FNH:2
FNDA:0,(anonymous_0)
FNDA:0,(anonymous_1)
FNDA:7,(anonymous_2)
FNDA:0,(anonymous_3)
FNDA:9,(anonymous_4)
FNDA:0,(anonymous_5)
DA:11,1
DA:12,1
DA:18,1
DA:19,0
DA:20,0
DA:26,0
DA:27,0
DA:33,0
DA:41,1
DA:42,0
DA:44,0
DA:45,0
DA:52,0
DA:54,0
DA:57,0
DA:58,0
DA:66,0
DA:67,0
DA:74,0
DA:79,0
DA:81,0
DA:94,1
DA:95,7
DA:96,0
DA:103,7
DA:105,7
DA:106,0
DA:113,7
DA:114,0
DA:122,7
DA:123,2
DA:129,5
DA:140,1
DA:141,0
DA:142,0
DA:143,0
DA:145,0
DA:152,0
DA:165,1
DA:166,9
DA:167,9
DA:168,9
DA:170,9
DA:177,0
DA:189,1
DA:190,0
DA:192,0
DA:203,0
DA:209,1
LF:49
LH:20
BRDA:19,0,0,0
BRDA:19,0,1,0
BRDA:26,1,0,0
BRDA:26,1,1,0
BRDA:44,2,0,0
BRDA:44,2,1,0
BRDA:57,3,0,0
BRDA:57,3,1,0
BRDA:66,4,0,0
BRDA:66,4,1,0
BRDA:95,5,0,0
BRDA:95,5,1,7
BRDA:103,6,0,7
BRDA:103,6,1,7
BRDA:103,6,2,0
BRDA:105,7,0,0
BRDA:105,7,1,7
BRDA:113,8,0,0
BRDA:113,8,1,7
BRDA:122,9,0,2
BRDA:122,9,1,5
BRDA:140,10,0,0
BRDA:140,11,0,0
BRDA:142,12,0,0
BRDA:142,12,1,0
BRDA:142,13,0,0
BRDA:142,13,1,0
BRDA:143,14,0,0
BRDA:143,14,1,0
BRDA:165,15,0,0
BRDA:165,16,0,0
BRDA:165,17,0,0
BRDA:167,18,0,9
BRDA:167,18,1,0
BRDA:167,19,0,9
BRDA:167,19,1,0
BRDA:168,20,0,9
BRDA:168,20,1,0
BRF:38
BRH:10
end_of_record
TN:
SF:src/routes/admin.js
FN:24,(anonymous_0)
FN:82,(anonymous_1)
FN:154,(anonymous_2)
FN:183,(anonymous_3)
FN:191,(anonymous_4)
FN:212,(anonymous_5)
FN:233,(anonymous_6)
FN:306,(anonymous_7)
FN:380,(anonymous_8)
FN:444,(anonymous_9)
FN:518,(anonymous_10)
FNF:11
FNH:0
FNDA:0,(anonymous_0)
FNDA:0,(anonymous_1)
FNDA:0,(anonymous_2)
FNDA:0,(anonymous_3)
FNDA:0,(anonymous_4)
FNDA:0,(anonymous_5)
FNDA:0,(anonymous_6)
FNDA:0,(anonymous_7)
FNDA:0,(anonymous_8)
FNDA:0,(anonymous_9)
FNDA:0,(anonymous_10)
DA:7,1
DA:8,1
DA:9,1
DA:10,1
DA:16,1
DA:17,1
DA:24,1
DA:25,0
DA:26,0
DA:28,0
DA:29,0
DA:36,0
DA:41,0
DA:42,0
DA:48,0
DA:51,0
DA:53,0
DA:54,0
DA:61,0
DA:63,0
DA:69,0
DA:70,0
DA:82,1
DA:83,0
DA:92,0
DA:96,0
DA:97,0
DA:98,0
DA:100,0
DA:101,0
DA:102,0
DA:105,0
DA:106,0
DA:107,0
DA:110,0
DA:111,0
DA:112,0
DA:113,0
DA:116,0
DA:121,0
DA:122,0
DA:123,0
DA:126,0
DA:129,0
DA:130,0
DA:131,0
DA:132,0
DA:133,0
DA:134,0
DA:135,0
DA:138,0
DA:145,0
DA:146,0
DA:147,0
DA:148,0
DA:149,0
DA:150,0
DA:154,0
DA:155,0
DA:159,0
DA:160,0
DA:162,0
DA:169,0
DA:170,0
DA:171,0
DA:172,0
DA:173,0
DA:175,0
DA:177,0
DA:182,0
DA:183,0
DA:184,0
DA:191,0
DA:200,0
DA:210,0
DA:212,0
DA:216,0
DA:218,0
DA:219,0
DA:220,0
DA:233,1
DA:234,0
DA:235,0
DA:237,0
DA:246,0
DA:247,0
DA:253,0
DA:257,0
DA:258,0
DA:267,0
DA:268,0
DA:271,0
DA:280,0
DA:289,0
DA:291,0
DA:293,0
DA:294,0
DA:306,1
DA:307,0
DA:308,0
DA:309,0
DA:311,0
DA:312,0
DA:319,0
DA:320,0
DA:327,0
DA:332,0
DA:333,0
DA:339,0
DA:340,0
DA:343,0
DA:351,0
DA:354,0
DA:362,0
DA:367,0
DA:368,0
DA:380,1
DA:381,0
DA:382,0
DA:383,0
DA:385,0
DA:386,0
DA:393,0
DA:398,0
DA:399,0
DA:405,0
DA:408,0
DA:411,0
DA:419,0
DA:427,0
DA:431,0
DA:432,0
DA:444,1
DA:445,0
DA:446,0
DA:447,0
DA:449,0
DA:450,0
DA:457,0
DA:458,0
DA:465,0
DA:470,0
DA:471,0
DA:477,0
DA:478,0
DA:481,0
DA:489,0
DA:492,0
DA:500,0
DA:505,0
DA:506,0
DA:518,1
DA:519,0
DA:520,0
DA:521,0
DA:523,0
DA:537,0
DA:542,0
DA:551,0
DA:552,0
DA:559,1
LF:161
LH:14
BRDA:28,0,0,0
BRDA:28,0,1,0
BRDA:41,1,0,0
BRDA:41,1,1,0
BRDA:53,2,0,0
BRDA:53,2,1,0
BRDA:88,3,0,0
BRDA:89,4,0,0
BRDA:90,5,0,0
BRDA:91,6,0,0
BRDA:100,7,0,0
BRDA:100,7,1,0
BRDA:105,8,0,0
BRDA:105,8,1,0
BRDA:110,9,0,0
BRDA:110,9,1,0
BRDA:116,10,0,0
BRDA:116,10,1,0
BRDA:122,11,0,0
BRDA:122,11,1,0
BRDA:123,12,0,0
BRDA:123,12,1,0
BRDA:159,13,0,0
BRDA:159,13,1,0
BRDA:185,14,0,0
BRDA:185,14,1,0
BRDA:193,15,0,0
BRDA:193,15,1,0
BRDA:246,16,0,0
BRDA:246,16,1,0
BRDA:272,17,0,0
BRDA:272,17,1,0
BRDA:311,18,0,0
BRDA:311,18,1,0
BRDA:311,19,0,0
BRDA:311,19,1,0
BRDA:319,20,0,0
BRDA:319,20,1,0
BRDA:332,21,0,0
BRDA:332,21,1,0
BRDA:385,22,0,0
BRDA:385,22,1,0
BRDA:385,23,0,0
BRDA:385,23,1,0
BRDA:398,24,0,0
BRDA:398,24,1,0
BRDA:449,25,0,0
BRDA:449,25,1,0
BRDA:457,26,0,0
BRDA:457,26,1,0
BRDA:470,27,0,0
BRDA:470,27,1,0
BRDA:493,28,0,0
BRDA:493,28,1,0
BRDA:501,29,0,0
BRDA:501,29,1,0
BRDA:521,30,0,0
BRDA:521,31,0,0
BRF:58
BRH:0
end_of_record
TN:
SF:src/routes/auth.js
FN:16,(anonymous_0)
FN:89,(anonymous_1)
FNF:2
FNH:2
FNDA:11,(anonymous_0)
FNDA:4,(anonymous_1)
DA:1,1
DA:2,1
DA:3,1
DA:4,1
DA:5,1
DA:6,1
DA:7,1
DA:9,1
DA:16,1
DA:17,11
DA:19,11
DA:20,11
DA:21,4
DA:24,7
DA:27,7
DA:32,7
DA:33,1
DA:37,6
DA:38,6
DA:41,6
DA:48,6
DA:51,6
DA:54,6
DA:60,6
DA:71,0
DA:72,0
DA:80,1
DA:90,4
DA:92,4
DA:93,4
DA:94,1
DA:97,3
DA:100,3
DA:105,3
DA:107,1
DA:108,1
DA:111,2
DA:114,2
DA:115,0
DA:116,0
DA:120,2
DA:122,2
DA:123,1
DA:124,1
DA:128,1
DA:134,1
DA:137,1
DA:143,1
DA:154,0
DA:155,0
DA:159,1
LF:51
LH:45
BRDA:20,0,0,4
BRDA:20,0,1,7
BRDA:32,1,0,1
BRDA:32,1,1,6
BRDA:57,2,0,6
BRDA:57,2,1,0
BRDA:93,3,0,1
BRDA:93,3,1,3
BRDA:105,4,0,1
BRDA:105,4,1,2
BRDA:114,5,0,0
BRDA:114,5,1,2
BRDA:122,6,0,1
BRDA:122,6,1,1
BRDA:140,7,0,1
BRDA:140,7,1,0
BRF:16
BRH:13
end_of_record
TN:
SF:src/routes/users.js
FN:17,(anonymous_0)
FN:35,(anonymous_1)
FN:56,(anonymous_2)
FN:107,(anonymous_3)
FN:178,(anonymous_4)
FNF:5
FNH:5
FNDA:1,(anonymous_0)
FNDA:1,(anonymous_1)
FNDA:3,(anonymous_2)
FNDA:4,(anonymous_3)
FNDA:1,(anonymous_4)
DA:1,1
DA:2,1
DA:3,1
DA:4,1
DA:5,1
DA:6,1
DA:8,1
DA:11,1
DA:17,1
DA:18,1
DA:19,1
DA:23,1
DA:25,0
DA:26,0
DA:35,1
DA:37,1
DA:56,1
DA:57,3
DA:58,3
DA:61,3
DA:66,3
DA:67,1
DA:71,2
DA:72,0
DA:79,2
DA:80,0
DA:84,2
DA:85,1
DA:91,1
DA:93,0
DA:94,0
DA:107,1
DA:108,4
DA:110,4
DA:111,4
DA:112,0
DA:115,4
DA:116,4
DA:117,4
DA:118,4
DA:119,4
DA:122,4
DA:123,1
DA:124,1
DA:127,4
DA:129,3
DA:134,3
DA:135,1
DA:138,2
DA:139,2
DA:142,3
DA:143,0
DA:147,3
DA:148,3
DA:150,3
DA:158,3
DA:159,0
DA:162,3
DA:167,0
DA:168,0
DA:178,1
DA:179,1
DA:180,1
DA:182,1
DA:187,1
DA:188,0
DA:191,1
DA:193,0
DA:194,0
DA:198,1
LF:70
LH:56
BRDA:66,0,0,1
BRDA:66,0,1,2
BRDA:71,1,0,0
BRDA:71,1,1,2
BRDA:79,2,0,0
BRDA:79,2,1,2
BRDA:84,3,0,1
BRDA:84,3,1,1
BRDA:111,4,0,0
BRDA:111,4,1,4
BRDA:122,5,0,1
BRDA:122,5,1,3
BRDA:127,6,0,3
BRDA:127,6,1,1
BRDA:134,7,0,1
BRDA:134,7,1,2
BRDA:142,8,0,0
BRDA:142,8,1,3
BRDA:158,9,0,0
BRDA:158,9,1,3
BRDA:187,10,0,0
BRDA:187,10,1,1
BRF:22
BRH:16
end_of_record
TN:
SF:src/validation/validationHelpers.js
FN:17,getFieldValidators
FN:104,getRegisterValidators
FN:115,getProfileUpdateValidators
FNF:3
FNH:3
FNDA:5,getFieldValidators
FNDA:1,getRegisterValidators
FNDA:1,getProfileUpdateValidators
DA:8,1
DA:9,1
DA:18,5
DA:19,5
DA:21,5
DA:22,0
DA:25,5
DA:28,5
DA:30,2
DA:32,1
DA:42,1
DA:51,2
DA:54,2
DA:56,1
DA:66,1
DA:76,2
DA:79,1
DA:92,1
DA:95,0
DA:98,5
DA:105,1
DA:116,1
DA:122,1
LF:23
LH:21
BRDA:17,0,0,0
BRDA:18,1,0,2
BRDA:18,2,0,3
BRDA:21,3,0,0
BRDA:21,3,1,5
BRDA:28,4,0,2
BRDA:28,4,1,2
BRDA:28,4,2,1
BRDA:28,4,3,0
BRDA:30,5,0,1
BRDA:30,5,1,1
BRDA:54,6,0,1
BRDA:54,6,1,1
BRF:13
BRH:10
end_of_record
