TN:
SF:src/middleware/rbac.js
FN:18,(anonymous_0)
FN:41,(anonymous_1)
FN:94,(anonymous_2)
FN:140,(anonymous_3)
FN:165,(anonymous_4)
FN:189,(anonymous_5)
FNF:6
FNH:6
FNDA:34,(anonymous_0)
FNDA:16,(anonymous_1)
FNDA:14,(anonymous_2)
FNDA:7,(anonymous_3)
FNDA:14,(anonymous_4)
FNDA:6,(anonymous_5)
DA:11,3
DA:12,3
DA:18,3
DA:19,34
DA:20,1
DA:26,33
DA:27,5
DA:33,28
DA:41,3
DA:42,16
DA:44,16
DA:45,4
DA:52,12
DA:54,12
DA:57,11
DA:58,1
DA:66,10
DA:67,1
DA:74,9
DA:79,9
DA:81,1
DA:94,3
DA:95,14
DA:96,1
DA:103,13
DA:105,13
DA:106,1
DA:113,12
DA:114,1
DA:122,11
DA:123,3
DA:129,8
DA:140,3
DA:141,7
DA:142,7
DA:143,7
DA:145,7
DA:152,1
DA:165,3
DA:166,14
DA:167,14
DA:168,14
DA:170,14
DA:177,1
DA:189,3
DA:190,6
DA:192,6
DA:203,6
DA:209,3
LF:49
LH:49
BRDA:19,0,0,1
BRDA:19,0,1,33
BRDA:26,1,0,5
BRDA:26,1,1,28
BRDA:44,2,0,4
BRDA:44,2,1,12
BRDA:57,3,0,1
BRDA:57,3,1,10
BRDA:66,4,0,1
BRDA:66,4,1,9
BRDA:95,5,0,1
BRDA:95,5,1,13
BRDA:103,6,0,13
BRDA:103,6,1,12
BRDA:103,6,2,2
BRDA:105,7,0,1
BRDA:105,7,1,12
BRDA:113,8,0,1
BRDA:113,8,1,11
BRDA:122,9,0,3
BRDA:122,9,1,8
BRDA:140,10,0,0
BRDA:140,11,0,1
BRDA:142,12,0,6
BRDA:142,12,1,1
BRDA:142,13,0,6
BRDA:142,13,1,0
BRDA:143,14,0,6
BRDA:143,14,1,1
BRDA:165,15,0,0
BRDA:165,16,0,1
BRDA:165,17,0,1
BRDA:167,18,0,13
BRDA:167,18,1,1
BRDA:167,19,0,13
BRDA:167,19,1,0
BRDA:168,20,0,13
BRDA:168,20,1,1
BRF:38
BRH:34
end_of_record
